<?xml version="1.0" encoding="UTF-8"?>
<testsuite name="InterpreterTest" tests="1" skipped="0" failures="0" errors="0" timestamp="2017-11-15T08:56:52" hostname="v-kozachenko" time="0.004">
  <properties/>
  <testcase name="executionTest" classname="InterpreterTest" time="0.004"/>
  <system-out><![CDATA[.
]]></system-out>
  <system-err><![CDATA[]]></system-err>
</testsuite>
